<?xml version="1.0" encoding="UTF-8"?>
<!-- Generated by org.testng.reporters.JUnitReportReporter -->
<testsuite skipped="0" hostname="6F-WS-088" name="CRM.CombinedformTest" tests="2" failures="0" timestamp="02 Apr 2018 10:46:15 GMT" time="30.209" errors="0">
  <testcase name="f" time="21.456" classname="CRM.CombinedformTest"/>
  <testcase name="gy" time="8.753" classname="CRM.CombinedformTest"/>
</testsuite> <!-- CRM.CombinedformTest -->
