<?xml version="1.0" encoding="UTF-8"?>
<!-- Generated by org.testng.reporters.JUnitReportReporter -->
<testsuite skipped="0" hostname="6F-WS-088" name="CRM.Logintest" tests="1" failures="0" timestamp="29 Mar 2018 09:30:59 GMT" time="34.644" errors="0">
  <testcase name="f" time="34.644" classname="CRM.Logintest"/>
</testsuite> <!-- CRM.Logintest -->
