<?xml version="1.0" encoding="UTF-8"?>
<!-- Generated by org.testng.reporters.JUnitReportReporter -->
<testsuite skipped="0" hostname="6F-WS-088" name="CRM.Newcompany" tests="2" failures="0" timestamp="02 Apr 2018 09:07:14 GMT" time="26.698" errors="0">
  <testcase name="f" time="18.631" classname="CRM.Newcompany"/>
  <testcase name="sy" time="8.067" classname="CRM.Newcompany"/>
</testsuite> <!-- CRM.Newcompany -->
