<?xml version="1.0" encoding="UTF-8"?>
<!-- Generated by org.testng.reporters.JUnitReportReporter -->
<testsuite skipped="0" hostname="6F-WS-088" name="CRM.companies" tests="2" failures="0" timestamp="29 Mar 2018 11:39:11 GMT" time="34.766" errors="0">
  <testcase name="f" time="21.287" classname="CRM.companies"/>
  <testcase name="f1" time="13.479" classname="CRM.companies"/>
</testsuite> <!-- CRM.companies -->
